mode: set
github.com/darrae/jac/internal/jachttp/http.go:14.37,29.2 1 0
github.com/darrae/jac/internal/jachttp/http.go:31.57,37.2 4 0
github.com/darrae/jac/internal/jachttp/http.go:39.57,40.31 1 0
github.com/darrae/jac/internal/jachttp/http.go:40.31,41.28 1 0
github.com/darrae/jac/internal/jachttp/http.go:41.28,43.4 1 0
github.com/darrae/jac/auth/api_key.go:14.50,16.2 1 0
github.com/darrae/jac/auth/api_key.go:19.51,20.14 1 1
github.com/darrae/jac/auth/api_key.go:21.15,25.13 4 1
github.com/darrae/jac/auth/api_key.go:26.16,28.13 2 1
github.com/darrae/jac/auth/api_key.go:31.2,31.63 1 0
github.com/darrae/jac/auth/basic.go:10.49,12.2 1 0
github.com/darrae/jac/auth/basic.go:15.50,18.2 2 1
github.com/darrae/jac/auth/bearer_api.go:37.80,45.2 1 0
github.com/darrae/jac/auth/bearer_api.go:47.39,49.2 1 1
github.com/darrae/jac/auth/bearer_api.go:52.59,53.19 1 1
github.com/darrae/jac/auth/bearer_api.go:53.19,54.30 1 1
github.com/darrae/jac/auth/bearer_api.go:54.30,56.4 1 1
github.com/darrae/jac/auth/bearer_api.go:57.3,57.30 1 1
github.com/darrae/jac/auth/bearer_api.go:57.30,59.4 1 1
github.com/darrae/jac/auth/bearer_api.go:61.2,62.16 2 1
github.com/darrae/jac/auth/bearer_api.go:62.16,64.3 1 0
github.com/darrae/jac/auth/bearer_api.go:65.2,67.17 3 1
github.com/darrae/jac/auth/bearer_api.go:75.54,76.36 1 1
github.com/darrae/jac/auth/bearer_api.go:76.36,80.18 4 1
github.com/darrae/jac/auth/bearer_api.go:80.18,87.4 1 1
github.com/darrae/jac/auth/bearer_api.go:87.9,90.18 3 1
github.com/darrae/jac/auth/bearer_api.go:90.18,92.5 1 0
github.com/darrae/jac/auth/bearer_api.go:93.4,94.18 2 1
github.com/darrae/jac/auth/bearer_api.go:94.18,96.5 1 1
github.com/darrae/jac/auth/bearer_api.go:97.4,98.18 2 1
github.com/darrae/jac/auth/bearer_api.go:98.18,100.5 1 0
github.com/darrae/jac/auth/bearer_api.go:101.4,106.5 1 1
github.com/darrae/jac/auth/bearer_api.go:108.3,110.13 3 1
github.com/darrae/jac/auth/bearer_api.go:112.2,113.12 2 0
github.com/darrae/jac/auth/oauth.go:21.58,23.2 1 0
github.com/darrae/jac/auth/oauth.go:27.50,51.2 10 1
github.com/darrae/jac/auth/oauth2.go:35.61,44.2 1 0
github.com/darrae/jac/auth/oauth2.go:46.36,48.2 1 1
github.com/darrae/jac/auth/oauth2.go:53.56,54.14 1 1
github.com/darrae/jac/auth/oauth2.go:54.14,63.17 3 1
github.com/darrae/jac/auth/oauth2.go:63.17,65.4 1 0
github.com/darrae/jac/auth/oauth2.go:66.3,66.60 1 1
github.com/darrae/jac/auth/oauth2.go:68.2,74.14 2 1
github.com/darrae/jac/auth/oauth2.go:74.14,76.17 2 1
github.com/darrae/jac/auth/oauth2.go:76.17,78.4 1 0
github.com/darrae/jac/auth/oauth2.go:79.3,80.18 2 1
github.com/darrae/jac/auth/oauth2.go:83.2,84.44 2 1
github.com/darrae/jac/auth/oauth2.go:90.51,91.36 1 1
github.com/darrae/jac/auth/oauth2.go:91.36,96.17 5 1
github.com/darrae/jac/auth/oauth2.go:96.17,98.4 1 0
github.com/darrae/jac/auth/oauth2.go:99.3,100.17 2 1
github.com/darrae/jac/auth/oauth2.go:100.17,102.4 1 0
github.com/darrae/jac/auth/oauth2.go:103.3,105.17 3 1
github.com/darrae/jac/auth/oauth2.go:105.17,107.4 1 0
github.com/darrae/jac/auth/oauth2.go:108.3,110.13 3 1
github.com/darrae/jac/auth/oauth2.go:112.2,113.12 2 0
github.com/darrae/jac/auth/oauth2_token.go:15.33,19.2 2 1
github.com/darrae/jac/multipart/encode.go:21.45,24.16 3 1
github.com/darrae/jac/multipart/encode.go:25.9,26.28 1 1
github.com/darrae/jac/multipart/encode.go:27.10,29.27 1 1
github.com/darrae/jac/multipart/encode.go:31.2,31.16 1 1
github.com/darrae/jac/multipart/encode.go:31.16,33.3 1 0
github.com/darrae/jac/multipart/encode.go:34.2,34.21 1 1
github.com/darrae/jac/multipart/encode.go:37.51,38.31 1 1
github.com/darrae/jac/multipart/encode.go:38.31,40.3 1 1
github.com/darrae/jac/multipart/encode.go:41.2,41.62 1 1
github.com/darrae/jac/multipart/encode.go:41.62,42.40 1 1
github.com/darrae/jac/multipart/encode.go:42.40,44.4 1 0
github.com/darrae/jac/multipart/encode.go:45.3,45.32 1 1
github.com/darrae/jac/multipart/encode.go:48.2,48.62 1 0
github.com/darrae/jac/multipart/encode.go:51.50,52.22 1 1
github.com/darrae/jac/multipart/encode.go:53.43,54.28 1 1
github.com/darrae/jac/multipart/encode.go:55.19,56.48 1 1
github.com/darrae/jac/multipart/encode.go:59.2,59.84 1 0
github.com/darrae/jac/multipart/field.go:12.41,14.2 1 1
github.com/darrae/jac/multipart/field.go:17.58,22.2 3 1
github.com/darrae/jac/multipart/field.go:25.58,27.35 2 1
github.com/darrae/jac/multipart/field.go:27.35,29.32 2 1
github.com/darrae/jac/multipart/field.go:29.32,31.4 1 0
github.com/darrae/jac/multipart/field.go:32.3,34.17 3 1
github.com/darrae/jac/multipart/field.go:34.17,36.4 1 0
github.com/darrae/jac/multipart/field.go:38.2,38.12 1 1
github.com/darrae/jac/multipart/field.go:45.41,47.2 1 1
github.com/darrae/jac/multipart/field.go:49.43,51.2 1 1
github.com/darrae/jac/multipart/field.go:53.42,55.2 1 1
github.com/darrae/jac/multipart/field.go:57.44,59.2 1 1
github.com/darrae/jac/multipart/file.go:17.54,20.16 3 1
github.com/darrae/jac/multipart/file.go:20.16,22.3 1 0
github.com/darrae/jac/multipart/file.go:23.2,26.16 3 1
github.com/darrae/jac/multipart/file.go:26.16,28.3 1 0
github.com/darrae/jac/multipart/file.go:29.2,29.22 1 1
github.com/darrae/jac/multipart/file.go:29.22,32.3 2 1
github.com/darrae/jac/multipart/file.go:34.2,34.14 1 1
github.com/darrae/jac/multipart/file.go:37.52,38.48 1 1
github.com/darrae/jac/multipart/file.go:38.48,40.17 2 1
github.com/darrae/jac/multipart/file.go:40.17,42.4 1 0
github.com/darrae/jac/multipart/file.go:43.3,46.17 3 1
github.com/darrae/jac/multipart/file.go:46.17,48.4 1 0
github.com/darrae/jac/multipart/file.go:49.3,51.13 2 1
github.com/darrae/jac/multipart/file.go:62.53,64.16 2 1
github.com/darrae/jac/multipart/file.go:64.16,66.3 1 0
github.com/darrae/jac/multipart/file.go:68.2,68.17 1 1
github.com/darrae/jac/multipart/file.go:71.52,74.16 3 1
github.com/darrae/jac/multipart/file.go:74.16,76.3 1 0
github.com/darrae/jac/multipart/file.go:78.2,78.25 1 1
github.com/darrae/jac/multipart/file.go:81.70,88.2 4 1
github.com/darrae/jac/multipart/file.go:90.56,93.16 3 1
github.com/darrae/jac/multipart/file.go:93.16,95.3 1 0
github.com/darrae/jac/multipart/file.go:96.2,97.16 2 1
github.com/darrae/jac/multipart/file.go:97.16,99.3 1 0
github.com/darrae/jac/multipart/file.go:101.2,101.18 1 1
github.com/darrae/jac/multipart/file.go:104.41,106.2 1 1
github.com/darrae/jac/multipart/kinds.go:25.41,26.33 1 1
github.com/darrae/jac/multipart/kinds.go:26.33,27.13 1 1
github.com/darrae/jac/multipart/kinds.go:27.13,29.4 1 1
github.com/darrae/jac/multipart/kinds.go:32.2,32.14 1 1
github.com/darrae/jac/multipart/kinds.go:35.39,36.31 1 1
github.com/darrae/jac/multipart/kinds.go:36.31,37.13 1 1
github.com/darrae/jac/multipart/kinds.go:37.13,39.4 1 1
github.com/darrae/jac/multipart/kinds.go:42.2,42.14 1 1
github.com/darrae/jac/multipart/kinds.go:45.37,46.29 1 1
github.com/darrae/jac/multipart/kinds.go:46.29,47.13 1 1
github.com/darrae/jac/multipart/kinds.go:47.13,49.4 1 1
github.com/darrae/jac/multipart/kinds.go:51.2,51.14 1 1
github.com/darrae/jac/multipart/kinds.go:54.39,55.31 1 1
github.com/darrae/jac/multipart/kinds.go:55.31,56.13 1 1
github.com/darrae/jac/multipart/kinds.go:56.13,58.4 1 1
github.com/darrae/jac/multipart/kinds.go:60.2,60.14 1 1
github.com/darrae/jac/multipart/mime.go:33.38,34.33 1 1
github.com/darrae/jac/multipart/mime.go:34.33,36.3 1 1
github.com/darrae/jac/multipart/mime.go:37.2,37.24 1 1
github.com/darrae/jac/multipart/multipart.go:30.43,39.6 7 1
github.com/darrae/jac/multipart/multipart.go:39.6,40.17 1 1
github.com/darrae/jac/multipart/multipart.go:40.17,42.4 1 0
github.com/darrae/jac/multipart/multipart.go:44.3,46.36 2 1
github.com/darrae/jac/multipart/multipart.go:46.36,47.9 1 1
github.com/darrae/jac/multipart/multipart.go:50.3,50.17 1 1
github.com/darrae/jac/multipart/multipart.go:50.17,52.4 1 0
github.com/darrae/jac/multipart/multipart.go:54.3,54.29 1 1
github.com/darrae/jac/multipart/multipart.go:58.2,64.18 5 1
github.com/darrae/jac/multipart/scan.go:18.44,19.26 1 1
github.com/darrae/jac/multipart/scan.go:19.26,21.3 1 1
github.com/darrae/jac/multipart/scan.go:22.2,25.36 1 1
github.com/darrae/jac/multipart/scan.go:35.45,37.16 2 1
github.com/darrae/jac/multipart/scan.go:37.16,39.3 1 1
github.com/darrae/jac/multipart/scan.go:40.2,44.12 4 1
github.com/darrae/jac/multipart/scan.go:47.50,49.20 2 1
github.com/darrae/jac/multipart/scan.go:49.20,51.3 1 1
github.com/darrae/jac/multipart/scan.go:53.2,53.31 1 1
github.com/darrae/jac/multipart/scan.go:53.31,55.3 1 1
github.com/darrae/jac/multipart/scan.go:57.2,57.17 1 1
github.com/darrae/jac/multipart/scan.go:65.49,67.23 2 1
github.com/darrae/jac/multipart/scan.go:67.23,70.3 2 1
github.com/darrae/jac/multipart/scan.go:71.2,71.17 1 1
github.com/darrae/jac/multipart/scan.go:71.17,74.3 2 1
github.com/darrae/jac/multipart/scan.go:76.2,76.21 1 1
github.com/darrae/jac/multipart/scan.go:79.50,86.16 6 1
github.com/darrae/jac/multipart/scan.go:86.16,88.3 1 1
github.com/darrae/jac/multipart/scan.go:89.2,92.18 3 1
github.com/darrae/jac/multipart/scan.go:95.33,97.2 1 1
github.com/darrae/jac/multipart/scan.go:99.43,101.2 1 1
github.com/darrae/jac/multipart/scan.go:103.45,106.2 2 1
github.com/darrae/jac/multipart/scan.go:108.46,110.2 1 1
github.com/darrae/jac/multipart/scan.go:112.43,113.16 1 1
github.com/darrae/jac/multipart/scan.go:113.16,115.3 1 1
github.com/darrae/jac/multipart/scan.go:116.2,118.14 2 1
github.com/darrae/jac/multipart/tag.go:36.42,39.15 3 1
github.com/darrae/jac/multipart/tag.go:39.15,41.3 1 1
github.com/darrae/jac/multipart/tag.go:42.2,42.35 1 1
github.com/darrae/jac/multipart/tag.go:42.35,44.3 1 1
github.com/darrae/jac/multipart/tag.go:46.2,46.16 1 1
github.com/darrae/jac/multipart/tag.go:46.16,48.3 1 1
github.com/darrae/jac/multipart/tag.go:50.2,50.19 1 1
github.com/darrae/jac/multipart/tag.go:53.39,57.2 2 1
github.com/darrae/jac/multipart/tag.go:59.44,63.2 2 1
github.com/darrae/jac/multipart/tag.go:65.36,69.2 3 1
github.com/darrae/jac/multipart/tag.go:71.40,72.55 1 1
github.com/darrae/jac/multipart/tag.go:72.55,77.3 4 1
github.com/darrae/jac/multipart/tag.go:79.2,80.12 2 1
github.com/darrae/jac/multipart/tag.go:83.42,85.9 2 1
github.com/darrae/jac/multipart/tag.go:85.9,87.3 1 1
github.com/darrae/jac/multipart/tag.go:89.2,90.12 2 1
github.com/darrae/jac/httptest/assert.go:15.41,16.46 1 1
github.com/darrae/jac/httptest/assert.go:16.46,17.72 1 1
github.com/darrae/jac/httptest/assert.go:17.72,18.26 1 1
github.com/darrae/jac/httptest/assert.go:18.26,29.5 5 1
github.com/darrae/jac/httptest/assert.go:30.4,30.24 1 1
github.com/darrae/jac/httptest/assert.go:35.37,36.46 1 1
github.com/darrae/jac/httptest/assert.go:36.46,37.72 1 1
github.com/darrae/jac/httptest/assert.go:37.72,40.19 3 1
github.com/darrae/jac/httptest/assert.go:40.19,45.5 4 1
github.com/darrae/jac/httptest/assert.go:46.4,46.24 1 1
github.com/darrae/jac/httptest/assert.go:51.39,52.46 1 1
github.com/darrae/jac/httptest/assert.go:52.46,53.72 1 1
github.com/darrae/jac/httptest/assert.go:53.72,57.19 4 1
github.com/darrae/jac/httptest/assert.go:57.19,62.5 4 1
github.com/darrae/jac/httptest/assert.go:63.4,63.24 1 1
github.com/darrae/jac/httptest/assert.go:68.48,69.46 1 1
github.com/darrae/jac/httptest/assert.go:69.46,70.72 1 1
github.com/darrae/jac/httptest/assert.go:70.72,73.19 3 1
github.com/darrae/jac/httptest/assert.go:73.19,78.5 4 1
github.com/darrae/jac/httptest/assert.go:79.4,79.19 1 1
github.com/darrae/jac/httptest/assert.go:79.19,81.5 1 1
github.com/darrae/jac/httptest/assert.go:86.41,87.46 1 1
github.com/darrae/jac/httptest/assert.go:87.46,88.72 1 1
github.com/darrae/jac/httptest/assert.go:88.72,90.18 2 1
github.com/darrae/jac/httptest/assert.go:90.18,91.15 1 0
github.com/darrae/jac/httptest/assert.go:93.4,95.41 3 1
github.com/darrae/jac/httptest/assert.go:95.41,102.5 6 1
github.com/darrae/jac/httptest/assert.go:103.4,103.19 1 1
github.com/darrae/jac/httptest/assert.go:103.19,105.5 1 1
github.com/darrae/jac/httptest/assert.go:110.44,114.2 3 1
github.com/darrae/jac/httptest/diff.go:30.32,31.14 1 1
github.com/darrae/jac/httptest/diff.go:31.14,33.3 1 1
github.com/darrae/jac/httptest/diff.go:34.2,38.15 3 1
github.com/darrae/jac/httptest/diff.go:41.70,42.33 1 1
github.com/darrae/jac/httptest/diff.go:42.33,44.18 2 1
github.com/darrae/jac/httptest/diff.go:44.18,46.4 1 1
github.com/darrae/jac/httptest/diff.go:48.2,48.16 1 1
github.com/darrae/jac/httptest/diff.go:48.16,50.3 1 1
github.com/darrae/jac/httptest/diff.go:51.2,51.27 1 1
github.com/darrae/jac/httptest/diff.go:51.27,52.17 1 1
github.com/darrae/jac/httptest/diff.go:52.17,59.4 1 1
github.com/darrae/jac/httptest/diff.go:61.2,61.12 1 1
github.com/darrae/jac/httptest/diff.go:64.51,65.19 1 1
github.com/darrae/jac/httptest/diff.go:65.19,66.22 1 1
github.com/darrae/jac/httptest/diff.go:66.22,68.4 1 1
github.com/darrae/jac/httptest/diff.go:71.2,71.18 1 1
github.com/darrae/jac/httptest/diff.go:74.53,76.17 2 1
github.com/darrae/jac/httptest/diff.go:76.17,78.18 2 1
github.com/darrae/jac/httptest/diff.go:78.18,80.4 1 1
github.com/darrae/jac/httptest/diff.go:83.2,83.12 1 1
github.com/darrae/jac/httptest/difftype_string.go:18.35,21.2 2 1
github.com/darrae/jac/httptest/httptest.go:10.89,12.33 2 1
github.com/darrae/jac/httptest/httptest.go:12.33,14.3 1 1
github.com/darrae/jac/httptest/httptest.go:15.2,17.15 3 1
github.com/darrae/jac/httptest/httptest.go:22.56,23.54 1 1
github.com/darrae/jac/httptest/httptest.go:23.54,25.3 1 1
github.com/darrae/jac/httptest/parameter.go:16.51,21.31 2 1
github.com/darrae/jac/httptest/parameter.go:21.31,22.25 1 1
github.com/darrae/jac/httptest/parameter.go:22.25,27.9 5 1
github.com/darrae/jac/httptest/parameter.go:31.2,31.12 1 1
github.com/darrae/jac/httptest/parameter.go:31.12,33.3 1 1
github.com/darrae/jac/httptest/parameter.go:35.2,35.27 1 1
github.com/darrae/jac/httptest/parameter.go:38.53,41.56 2 1
github.com/darrae/jac/httptest/parameter.go:41.56,43.3 1 1
github.com/darrae/jac/httptest/parameter.go:45.2,45.56 1 1
github.com/darrae/jac/httptest/parameter.go:45.56,47.3 1 1
github.com/darrae/jac/httptest/parameter.go:49.2,49.12 1 1
github.com/darrae/jac/httptest/parameter.go:52.39,54.23 2 1
github.com/darrae/jac/httptest/parameter.go:54.23,56.3 1 1
github.com/darrae/jac/httptest/parameter.go:57.2,60.12 3 1
github.com/darrae/jac/httptest/parameter.go:66.26,66.43 1 1
github.com/darrae/jac/httptest/parameter.go:68.40,68.70 1 1
github.com/darrae/jac/httptest/parameter.go:70.35,70.62 1 1
github.com/darrae/jac/httptest/parameter.go:72.60,74.22 2 1
github.com/darrae/jac/httptest/parameter.go:74.22,77.3 2 1
github.com/darrae/jac/httptest/parameter.go:78.2,80.15 2 1
github.com/darrae/jac/httptest/parameter.go:83.37,87.28 4 1
github.com/darrae/jac/httptest/parameter.go:87.28,93.3 4 1
github.com/darrae/jac/httptest/parameter.go:94.2,94.15 1 1
github.com/darrae/jac/httptest/parameter.go:97.40,99.22 2 1
github.com/darrae/jac/httptest/parameter.go:99.22,101.3 1 1
github.com/darrae/jac/httptest/parameter.go:103.2,103.12 1 1
github.com/darrae/jac/internal/jachttp/http.go:14.37,29.2 1 1
github.com/darrae/jac/internal/jachttp/http.go:31.57,37.2 4 0
github.com/darrae/jac/internal/jachttp/http.go:39.57,40.31 1 1
github.com/darrae/jac/internal/jachttp/http.go:40.31,41.28 1 1
github.com/darrae/jac/internal/jachttp/http.go:41.28,43.4 1 1
github.com/darrae/jac/async.go:21.91,26.2 3 1
github.com/darrae/jac/async.go:28.95,30.31 2 1
github.com/darrae/jac/async.go:30.31,33.13 3 1
github.com/darrae/jac/async.go:33.13,36.4 2 1
github.com/darrae/jac/async.go:38.2,39.11 2 1
github.com/darrae/jac/async.go:42.93,44.6 2 1
github.com/darrae/jac/async.go:44.6,45.18 1 1
github.com/darrae/jac/async.go:45.18,47.4 1 0
github.com/darrae/jac/async.go:49.3,49.54 1 1
github.com/darrae/jac/async.go:49.54,51.23 2 0
github.com/darrae/jac/async.go:51.23,54.5 2 0
github.com/darrae/jac/async.go:57.3,58.17 2 1
github.com/darrae/jac/async.go:58.17,61.4 2 1
github.com/darrae/jac/async.go:63.3,64.17 2 1
github.com/darrae/jac/async.go:64.17,67.4 2 1
github.com/darrae/jac/async.go:69.3,69.9 1 1
github.com/darrae/jac/async.go:69.9,72.4 2 1
github.com/darrae/jac/async.go:73.3,75.39 2 1
github.com/darrae/jac/async.go:79.93,83.2 3 1
github.com/darrae/jac/async.go:85.64,86.25 1 1
github.com/darrae/jac/async.go:87.20,88.17 1 0
github.com/darrae/jac/async.go:90.10,91.20 1 1
github.com/darrae/jac/backoff.go:46.48,47.15 1 1
github.com/darrae/jac/backoff.go:47.15,49.3 1 1
github.com/darrae/jac/backoff.go:50.2,50.37 1 1
github.com/darrae/jac/backoff.go:50.37,52.3 1 1
github.com/darrae/jac/backoff.go:58.70,60.37 2 1
github.com/darrae/jac/backoff.go:60.37,61.16 1 1
github.com/darrae/jac/backoff.go:61.16,64.4 2 1
github.com/darrae/jac/backoff.go:65.3,68.47 3 1
github.com/darrae/jac/backoff.go:74.57,75.37 1 1
github.com/darrae/jac/backoff.go:75.37,78.42 3 1
github.com/darrae/jac/backoff.go:78.42,80.4 1 1
github.com/darrae/jac/backoff.go:82.3,82.14 1 1
github.com/darrae/jac/cache.go:18.69,23.2 1 1
github.com/darrae/jac/cache.go:25.38,27.2 1 1
github.com/darrae/jac/cache.go:43.71,44.36 1 0
github.com/darrae/jac/cache.go:44.36,46.3 1 0
github.com/darrae/jac/cache.go:49.67,54.27 4 1
github.com/darrae/jac/cache.go:54.27,56.3 1 0
github.com/darrae/jac/cache.go:58.2,60.14 2 1
github.com/darrae/jac/cache.go:63.62,65.6 2 1
github.com/darrae/jac/cache.go:65.6,66.10 1 1
github.com/darrae/jac/cache.go:67.19,68.25 1 0
github.com/darrae/jac/cache.go:69.21,71.10 2 0
github.com/darrae/jac/cache.go:76.51,81.9 4 1
github.com/darrae/jac/cache.go:81.9,83.3 1 1
github.com/darrae/jac/cache.go:85.2,85.22 1 1
github.com/darrae/jac/cache.go:85.22,88.3 2 0
github.com/darrae/jac/cache.go:90.2,90.22 1 1
github.com/darrae/jac/cache.go:93.58,97.2 3 1
github.com/darrae/jac/cache.go:99.39,101.2 1 0
github.com/darrae/jac/cache.go:103.41,105.33 2 0
github.com/darrae/jac/cache.go:105.33,106.23 1 0
github.com/darrae/jac/cache.go:106.23,108.4 1 0
github.com/darrae/jac/cache.go:110.2,110.15 1 0
github.com/darrae/jac/client.go:80.51,82.2 1 1
github.com/darrae/jac/client.go:85.25,93.27 8 1
github.com/darrae/jac/client.go:93.27,95.3 1 1
github.com/darrae/jac/client.go:98.29,100.16 2 1
github.com/darrae/jac/client.go:100.16,101.47 1 0
github.com/darrae/jac/client.go:104.2,106.38 2 1
github.com/darrae/jac/client.go:106.38,107.52 1 0
github.com/darrae/jac/client.go:111.30,112.20 1 1
github.com/darrae/jac/client.go:112.20,118.3 1 1
github.com/darrae/jac/client.go:121.29,122.25 1 1
github.com/darrae/jac/client.go:122.25,124.3 1 1
github.com/darrae/jac/client.go:127.31,128.21 1 1
github.com/darrae/jac/client.go:128.21,129.23 1 1
github.com/darrae/jac/client.go:129.23,133.4 2 1
github.com/darrae/jac/client.go:134.3,134.42 1 1
github.com/darrae/jac/client.go:138.35,139.24 1 1
github.com/darrae/jac/client.go:139.24,141.3 1 0
github.com/darrae/jac/client.go:145.74,148.9 3 1
github.com/darrae/jac/client.go:148.9,150.3 1 0
github.com/darrae/jac/client.go:152.2,155.19 4 1
github.com/darrae/jac/client.go:155.19,157.3 1 0
github.com/darrae/jac/client.go:159.2,162.16 3 1
github.com/darrae/jac/client.go:162.16,164.3 1 0
github.com/darrae/jac/client.go:166.2,166.25 1 1
github.com/darrae/jac/client.go:167.20,168.55 1 1
github.com/darrae/jac/client.go:171.2,171.26 1 1
github.com/darrae/jac/client.go:174.72,177.16 3 0
github.com/darrae/jac/client.go:177.16,179.3 1 0
github.com/darrae/jac/client.go:181.2,181.18 1 0
github.com/darrae/jac/client.go:184.95,191.51 5 1
github.com/darrae/jac/client.go:191.51,193.3 1 1
github.com/darrae/jac/client.go:195.2,196.16 2 1
github.com/darrae/jac/client.go:196.16,198.3 1 0
github.com/darrae/jac/client.go:200.2,201.8 2 1
github.com/darrae/jac/client.go:201.8,203.3 1 0
github.com/darrae/jac/client.go:205.2,205.22 1 1
github.com/darrae/jac/client.go:209.67,211.16 2 1
github.com/darrae/jac/client.go:211.16,213.3 1 0
github.com/darrae/jac/client.go:215.2,216.16 2 1
github.com/darrae/jac/client.go:216.16,218.3 1 0
github.com/darrae/jac/client.go:220.2,220.17 1 1
github.com/darrae/jac/client.go:223.63,225.16 2 1
github.com/darrae/jac/client.go:225.16,227.3 1 0
github.com/darrae/jac/client.go:228.2,229.16 2 1
github.com/darrae/jac/client.go:229.16,231.3 1 0
github.com/darrae/jac/client.go:233.2,236.34 3 1
github.com/darrae/jac/client.go:236.34,240.3 3 1
github.com/darrae/jac/client.go:242.2,245.16 3 1
github.com/darrae/jac/client.go:245.16,247.3 1 1
github.com/darrae/jac/client.go:249.2,249.17 1 1
github.com/darrae/jac/client.go:254.55,258.2 2 1
github.com/darrae/jac/client.go:260.68,262.17 2 1
github.com/darrae/jac/client.go:262.17,264.3 1 1
github.com/darrae/jac/client.go:266.2,266.20 1 1
github.com/darrae/jac/client.go:269.30,270.20 1 1
github.com/darrae/jac/client.go:270.20,272.3 1 1
github.com/darrae/jac/client.go:275.32,276.22 1 1
github.com/darrae/jac/client.go:276.22,278.3 1 1
github.com/darrae/jac/client.go:281.56,288.2 6 1
github.com/darrae/jac/client.go:292.42,293.29 1 1
github.com/darrae/jac/client.go:293.29,294.38 1 1
github.com/darrae/jac/client.go:294.38,296.4 1 1
github.com/darrae/jac/client.go:306.53,308.2 1 1
github.com/darrae/jac/client_group.go:13.54,15.2 1 0
github.com/darrae/jac/client_group.go:17.77,19.19 2 0
github.com/darrae/jac/client_group.go:19.19,21.3 1 0
github.com/darrae/jac/client_group.go:23.2,23.68 1 0
github.com/darrae/jac/client_group.go:26.51,27.35 1 0
github.com/darrae/jac/client_group.go:27.35,28.43 1 0
github.com/darrae/jac/client_group.go:28.43,30.4 1 0
github.com/darrae/jac/client_group.go:33.2,33.12 1 0
github.com/darrae/jac/logging.go:14.42,16.2 1 1
github.com/darrae/jac/logging.go:22.43,47.16 4 1
github.com/darrae/jac/logging.go:47.16,48.13 1 0
github.com/darrae/jac/logging.go:50.2,56.19 4 1
github.com/darrae/jac/logging.go:59.38,60.17 1 1
github.com/darrae/jac/logging.go:61.18,67.4 1 1
github.com/darrae/jac/logging.go:68.20,74.4 1 1
github.com/darrae/jac/logging.go:75.24,82.4 1 1
github.com/darrae/jac/logging.go:83.38,85.19 2 1
github.com/darrae/jac/logging.go:85.19,87.4 1 1
github.com/darrae/jac/logging.go:88.3,94.9 2 1
github.com/darrae/jac/logging.go:95.10,95.10 0 1
github.com/darrae/jac/method.go:9.33,11.2 1 1
github.com/darrae/jac/method.go:67.33,70.9 3 1
github.com/darrae/jac/method.go:70.9,72.3 1 1
github.com/darrae/jac/method.go:74.2,74.10 1 1
github.com/darrae/jac/method.go:78.37,80.2 1 1
github.com/darrae/jac/pagination.go:23.93,26.12 3 1
github.com/darrae/jac/pagination.go:26.12,28.17 2 1
github.com/darrae/jac/pagination.go:28.17,30.4 1 0
github.com/darrae/jac/pagination.go:31.3,32.24 2 1
github.com/darrae/jac/pagination.go:35.2,35.23 1 1
github.com/darrae/jac/policy.go:24.39,25.39 1 1
github.com/darrae/jac/policy.go:25.39,26.30 1 1
github.com/darrae/jac/policy.go:26.30,27.30 1 1
github.com/darrae/jac/policy.go:27.30,29.5 1 1
github.com/darrae/jac/policy.go:31.3,31.15 1 1
github.com/darrae/jac/policy.go:49.50,51.39 2 1
github.com/darrae/jac/policy.go:51.39,54.19 3 1
github.com/darrae/jac/policy.go:54.19,56.4 1 1
github.com/darrae/jac/policy.go:58.3,58.15 1 1
github.com/darrae/jac/request.go:36.38,38.2 1 1
github.com/darrae/jac/request.go:41.36,43.2 1 1
github.com/darrae/jac/request.go:45.43,47.2 1 1
github.com/darrae/jac/request.go:49.41,51.2 1 1
github.com/darrae/jac/request.go:56.41,58.2 1 1
github.com/darrae/jac/request.go:61.39,63.2 1 1
github.com/darrae/jac/request.go:65.44,67.2 1 1
github.com/darrae/jac/request.go:69.46,71.2 1 1
github.com/darrae/jac/request.go:75.39,77.2 1 1
github.com/darrae/jac/request.go:81.38,83.2 1 1
github.com/darrae/jac/request.go:87.40,89.2 1 1
github.com/darrae/jac/request.go:91.43,93.2 1 1
github.com/darrae/jac/request.go:95.43,97.2 1 1
github.com/darrae/jac/request.go:99.45,101.2 1 1
github.com/darrae/jac/request.go:103.42,105.2 1 1
github.com/darrae/jac/request.go:107.44,109.2 1 1
github.com/darrae/jac/request.go:111.41,113.2 1 1
github.com/darrae/jac/request.go:126.70,132.16 5 1
github.com/darrae/jac/request.go:132.16,134.3 1 1
github.com/darrae/jac/request.go:136.2,138.17 2 1
github.com/darrae/jac/response.go:21.44,22.14 1 1
github.com/darrae/jac/response.go:22.14,24.3 1 0
github.com/darrae/jac/response.go:25.2,27.16 3 1
github.com/darrae/jac/response.go:27.16,29.3 1 1
github.com/darrae/jac/response.go:30.2,30.14 1 0
github.com/darrae/jac/transaction.go:32.33,34.2 1 1
github.com/darrae/jac/transaction.go:36.33,38.2 1 0
github.com/darrae/jac/transaction.go:61.36,62.23 1 1
github.com/darrae/jac/transaction.go:62.23,64.17 2 1
github.com/darrae/jac/transaction.go:64.17,66.4 1 1
github.com/darrae/jac/transaction.go:67.3,68.36 2 1
github.com/darrae/jac/transaction.go:70.2,73.17 4 1
github.com/darrae/jac/transaction.go:73.17,75.3 1 1
github.com/darrae/jac/transaction.go:77.2,77.12 1 1
github.com/darrae/jac/transaction.go:80.42,81.9 1 1
github.com/darrae/jac/transaction.go:82.32,84.26 2 0
github.com/darrae/jac/transaction.go:85.28,85.28 0 1
github.com/darrae/jac/transaction.go:88.2,93.16 4 1
github.com/darrae/jac/transaction.go:96.47,97.18 1 1
github.com/darrae/jac/transaction.go:97.18,99.3 1 1
github.com/darrae/jac/transaction.go:100.2,100.29 1 1
github.com/darrae/jac/transaction.go:103.45,104.32 1 1
github.com/darrae/jac/transaction.go:104.32,107.3 2 1
github.com/darrae/jac/transaction.go:108.2,108.21 1 1
github.com/darrae/jac/transaction.go:111.51,112.46 1 1
github.com/darrae/jac/transaction.go:112.46,114.3 1 1
github.com/darrae/jac/transaction.go:115.2,116.39 2 1
github.com/darrae/jac/transaction.go:116.39,117.54 1 1
github.com/darrae/jac/transaction.go:117.54,119.4 1 1
github.com/darrae/jac/transaction.go:121.2,121.25 1 1
github.com/darrae/jac/transaction.go:121.25,122.33 1 1
github.com/darrae/jac/transaction.go:122.33,125.4 2 1
github.com/darrae/jac/transaction.go:126.3,126.22 1 1
github.com/darrae/jac/transaction.go:129.2,129.25 1 1
github.com/darrae/jac/transaction.go:132.31,134.16 2 1
github.com/darrae/jac/transaction.go:134.16,135.13 1 0
github.com/darrae/jac/transaction.go:138.2,138.46 1 1
github.com/darrae/jac/transaction.go:138.46,140.3 1 1
github.com/darrae/jac/transaction.go:142.2,142.33 1 1
github.com/darrae/jac/transaction.go:145.51,146.30 1 1
github.com/darrae/jac/transaction.go:146.30,147.19 1 1
github.com/darrae/jac/transaction.go:147.19,149.4 1 1
github.com/darrae/jac/transaction.go:150.3,152.17 3 1
github.com/darrae/jac/transaction.go:152.17,154.4 1 0
github.com/darrae/jac/transaction.go:156.3,159.27 2 1
github.com/darrae/jac/transaction.go:162.2,164.16 3 1
github.com/darrae/jac/transaction.go:164.16,166.3 1 0
github.com/darrae/jac/transaction.go:168.2,180.24 3 1
github.com/darrae/jac/transaction.go:183.79,184.15 1 1
github.com/darrae/jac/transaction.go:184.15,186.3 1 1
github.com/darrae/jac/transaction.go:187.2,188.16 2 1
github.com/darrae/jac/transaction.go:188.16,190.3 1 0
github.com/darrae/jac/transaction.go:191.2,197.16 6 1
github.com/darrae/jac/transaction.go:197.16,199.3 1 0
github.com/darrae/jac/transaction.go:201.2,201.21 1 1
github.com/darrae/jac/internal/jachttp/http.go:14.37,29.2 1 1
github.com/darrae/jac/internal/jachttp/http.go:31.57,37.2 4 0
github.com/darrae/jac/internal/jachttp/http.go:39.57,40.31 1 1
github.com/darrae/jac/internal/jachttp/http.go:40.31,41.28 1 1
github.com/darrae/jac/internal/jachttp/http.go:41.28,43.4 1 1
